<?xml version="1.0" encoding="UTF-8"?>
<testsuite name="bootiful.openrewrite.SayHelloRecipeTest" tests="1" skipped="0" failures="0" errors="0" timestamp="2024-07-24T09:54:03" hostname="LAPTOP-2LNT6T7E" time="2.112">
  <properties/>
  <testcase name="addHellotoFoobar()" classname="bootiful.openrewrite.SayHelloRecipeTest" time="2.112"/>
  <system-out><![CDATA[]]></system-out>
  <system-err><![CDATA[]]></system-err>
</testsuite>
